{"C:\\Users\\halo2\\Lucidity_fork\\scheduling\\calendar.js": {"path":"C:\\Users\\halo2\\Lucidity_fork\\scheduling\\calendar.js","statementMap":{"0":{"start":{"line":12,"column":2},"end":{"line":25,"column":3}},"1":{"start":{"line":13,"column":28},"end":{"line":18,"column":47}},"2":{"start":{"line":20,"column":4},"end":{"line":20,"column":27}},"3":{"start":{"line":20,"column":15},"end":{"line":20,"column":27}},"4":{"start":{"line":21,"column":4},"end":{"line":21,"column":16}},"5":{"start":{"line":23,"column":4},"end":{"line":23,"column":51}},"6":{"start":{"line":24,"column":4},"end":{"line":24,"column":14}},"7":{"start":{"line":32,"column":2},"end":{"line":46,"column":3}},"8":{"start":{"line":33,"column":28},"end":{"line":39,"column":15}},"9":{"start":{"line":41,"column":4},"end":{"line":41,"column":27}},"10":{"start":{"line":41,"column":15},"end":{"line":41,"column":27}},"11":{"start":{"line":42,"column":4},"end":{"line":42,"column":27}},"12":{"start":{"line":44,"column":4},"end":{"line":44,"column":73}},"13":{"start":{"line":45,"column":4},"end":{"line":45,"column":16}},"14":{"start":{"line":53,"column":2},"end":{"line":85,"column":3}},"15":{"start":{"line":54,"column":49},"end":{"line":58,"column":15}},"16":{"start":{"line":60,"column":4},"end":{"line":62,"column":5}},"17":{"start":{"line":61,"column":6},"end":{"line":61,"column":55}},"18":{"start":{"line":64,"column":35},"end":{"line":67,"column":34}},"19":{"start":{"line":69,"column":4},"end":{"line":71,"column":5}},"20":{"start":{"line":70,"column":6},"end":{"line":70,"column":24}},"21":{"start":{"line":73,"column":4},"end":{"line":73,"column":49}},"22":{"start":{"line":76,"column":4},"end":{"line":81,"column":5}},"23":{"start":{"line":77,"column":6},"end":{"line":77,"column":72}},"24":{"start":{"line":78,"column":6},"end":{"line":78,"column":58}},"25":{"start":{"line":80,"column":6},"end":{"line":80,"column":83}},"26":{"start":{"line":84,"column":4},"end":{"line":84,"column":92}},"27":{"start":{"line":97,"column":2},"end":{"line":132,"column":3}},"28":{"start":{"line":98,"column":21},"end":{"line":118,"column":6}},"29":{"start":{"line":120,"column":4},"end":{"line":122,"column":5}},"30":{"start":{"line":121,"column":6},"end":{"line":121,"column":87}},"31":{"start":{"line":124,"column":18},"end":{"line":124,"column":39}},"32":{"start":{"line":125,"column":4},"end":{"line":125,"column":50}},"33":{"start":{"line":128,"column":4},"end":{"line":128,"column":26}},"34":{"start":{"line":130,"column":4},"end":{"line":130,"column":67}},"35":{"start":{"line":131,"column":4},"end":{"line":131,"column":16}},"36":{"start":{"line":140,"column":2},"end":{"line":156,"column":3}},"37":{"start":{"line":141,"column":21},"end":{"line":146,"column":6}},"38":{"start":{"line":148,"column":4},"end":{"line":150,"column":5}},"39":{"start":{"line":149,"column":6},"end":{"line":149,"column":91}},"40":{"start":{"line":152,"column":4},"end":{"line":152,"column":54}},"41":{"start":{"line":154,"column":4},"end":{"line":154,"column":71}},"42":{"start":{"line":155,"column":4},"end":{"line":155,"column":16}},"43":{"start":{"line":168,"column":24},"end":{"line":168,"column":108}},"44":{"start":{"line":169,"column":22},"end":{"line":169,"column":104}},"45":{"start":{"line":170,"column":24},"end":{"line":170,"column":108}},"46":{"start":{"line":171,"column":22},"end":{"line":171,"column":104}},"47":{"start":{"line":173,"column":2},"end":{"line":173,"column":83}},"48":{"start":{"line":180,"column":2},"end":{"line":180,"column":86}},"49":{"start":{"line":180,"column":42},"end":{"line":180,"column":84}},"50":{"start":{"line":188,"column":19},"end":{"line":188,"column":69}},"51":{"start":{"line":189,"column":17},"end":{"line":189,"column":65}},"52":{"start":{"line":192,"column":40},"end":{"line":196,"column":41}},"53":{"start":{"line":198,"column":2},"end":{"line":201,"column":3}},"54":{"start":{"line":199,"column":4},"end":{"line":199,"column":58}},"55":{"start":{"line":200,"column":4},"end":{"line":200,"column":17}},"56":{"start":{"line":204,"column":2},"end":{"line":212,"column":3}},"57":{"start":{"line":205,"column":27},"end":{"line":205,"column":85}},"58":{"start":{"line":206,"column":25},"end":{"line":206,"column":81}},"59":{"start":{"line":209,"column":4},"end":{"line":211,"column":5}},"60":{"start":{"line":210,"column":6},"end":{"line":210,"column":18}},"61":{"start":{"line":214,"column":2},"end":{"line":214,"column":15}},"62":{"start":{"line":221,"column":2},"end":{"line":241,"column":3}},"63":{"start":{"line":222,"column":28},"end":{"line":229,"column":30}},"64":{"start":{"line":231,"column":4},"end":{"line":234,"column":5}},"65":{"start":{"line":232,"column":6},"end":{"line":232,"column":65}},"66":{"start":{"line":233,"column":6},"end":{"line":233,"column":39}},"67":{"start":{"line":236,"column":4},"end":{"line":236,"column":66}},"68":{"start":{"line":237,"column":4},"end":{"line":237,"column":35}},"69":{"start":{"line":239,"column":4},"end":{"line":239,"column":58}},"70":{"start":{"line":240,"column":4},"end":{"line":240,"column":42}},"71":{"start":{"line":245,"column":2},"end":{"line":270,"column":3}},"72":{"start":{"line":246,"column":28},"end":{"line":249,"column":30}},"73":{"start":{"line":251,"column":4},"end":{"line":254,"column":5}},"74":{"start":{"line":252,"column":6},"end":{"line":252,"column":65}},"75":{"start":{"line":253,"column":6},"end":{"line":253,"column":18}},"76":{"start":{"line":257,"column":4},"end":{"line":264,"column":5}},"77":{"start":{"line":258,"column":52},"end":{"line":258,"column":59}},"78":{"start":{"line":259,"column":6},"end":{"line":263,"column":8}},"79":{"start":{"line":266,"column":4},"end":{"line":266,"column":65}},"80":{"start":{"line":268,"column":4},"end":{"line":268,"column":72}},"81":{"start":{"line":269,"column":4},"end":{"line":269,"column":65}},"82":{"start":{"line":278,"column":22},"end":{"line":278,"column":67}},"83":{"start":{"line":279,"column":20},"end":{"line":279,"column":63}},"84":{"start":{"line":282,"column":2},"end":{"line":284,"column":3}},"85":{"start":{"line":283,"column":4},"end":{"line":283,"column":80}},"86":{"start":{"line":287,"column":20},"end":{"line":287,"column":54}},"87":{"start":{"line":290,"column":20},"end":{"line":290,"column":87}},"88":{"start":{"line":291,"column":2},"end":{"line":293,"column":3}},"89":{"start":{"line":292,"column":4},"end":{"line":292,"column":94}},"90":{"start":{"line":295,"column":27},"end":{"line":295,"column":102}},"91":{"start":{"line":298,"column":26},"end":{"line":298,"column":60}},"92":{"start":{"line":299,"column":32},"end":{"line":299,"column":103}},"93":{"start":{"line":299,"column":66},"end":{"line":299,"column":102}},"94":{"start":{"line":300,"column":2},"end":{"line":302,"column":3}},"95":{"start":{"line":301,"column":4},"end":{"line":301,"column":79}},"96":{"start":{"line":305,"column":24},"end":{"line":305,"column":56}},"97":{"start":{"line":306,"column":30},"end":{"line":306,"column":99}},"98":{"start":{"line":306,"column":62},"end":{"line":306,"column":98}},"99":{"start":{"line":307,"column":2},"end":{"line":309,"column":3}},"100":{"start":{"line":308,"column":4},"end":{"line":308,"column":77}},"101":{"start":{"line":312,"column":2},"end":{"line":312,"column":29}},"102":{"start":{"line":321,"column":2},"end":{"line":355,"column":3}},"103":{"start":{"line":323,"column":28},"end":{"line":333,"column":18}},"104":{"start":{"line":335,"column":4},"end":{"line":335,"column":27}},"105":{"start":{"line":335,"column":15},"end":{"line":335,"column":27}},"106":{"start":{"line":336,"column":4},"end":{"line":336,"column":48}},"107":{"start":{"line":339,"column":4},"end":{"line":350,"column":5}},"108":{"start":{"line":340,"column":6},"end":{"line":346,"column":9}},"109":{"start":{"line":347,"column":6},"end":{"line":347,"column":55}},"110":{"start":{"line":349,"column":6},"end":{"line":349,"column":86}},"111":{"start":{"line":352,"column":4},"end":{"line":352,"column":16}},"112":{"start":{"line":354,"column":4},"end":{"line":354,"column":59}},"113":{"start":{"line":358,"column":19},"end":{"line":375,"column":1}},"114":{"start":{"line":359,"column":24},"end":{"line":359,"column":57}},"115":{"start":{"line":361,"column":2},"end":{"line":374,"column":3}},"116":{"start":{"line":363,"column":35},"end":{"line":368,"column":8}},"117":{"start":{"line":370,"column":4},"end":{"line":370,"column":39}},"118":{"start":{"line":370,"column":21},"end":{"line":370,"column":39}},"119":{"start":{"line":373,"column":4},"end":{"line":373,"column":59}},"120":{"start":{"line":377,"column":21},"end":{"line":392,"column":1}},"121":{"start":{"line":378,"column":2},"end":{"line":391,"column":3}},"122":{"start":{"line":379,"column":28},"end":{"line":382,"column":30}},"123":{"start":{"line":384,"column":4},"end":{"line":384,"column":27}},"124":{"start":{"line":384,"column":15},"end":{"line":384,"column":27}},"125":{"start":{"line":386,"column":4},"end":{"line":386,"column":43}},"126":{"start":{"line":386,"column":31},"end":{"line":386,"column":41}},"127":{"start":{"line":388,"column":4},"end":{"line":388,"column":61}},"128":{"start":{"line":389,"column":4},"end":{"line":389,"column":44}},"129":{"start":{"line":390,"column":4},"end":{"line":390,"column":14}},"130":{"start":{"line":394,"column":24},"end":{"line":409,"column":1}},"131":{"start":{"line":395,"column":2},"end":{"line":408,"column":3}},"132":{"start":{"line":396,"column":28},"end":{"line":400,"column":59}},"133":{"start":{"line":402,"column":4},"end":{"line":402,"column":27}},"134":{"start":{"line":402,"column":15},"end":{"line":402,"column":27}},"135":{"start":{"line":404,"column":4},"end":{"line":404,"column":29}},"136":{"start":{"line":406,"column":4},"end":{"line":406,"column":62}},"137":{"start":{"line":407,"column":4},"end":{"line":407,"column":17}},"138":{"start":{"line":412,"column":2},"end":{"line":426,"column":3}},"139":{"start":{"line":413,"column":22},"end":{"line":417,"column":23}},"140":{"start":{"line":419,"column":4},"end":{"line":422,"column":5}},"141":{"start":{"line":420,"column":6},"end":{"line":420,"column":63}},"142":{"start":{"line":421,"column":6},"end":{"line":421,"column":37}},"143":{"start":{"line":424,"column":4},"end":{"line":424,"column":61}},"144":{"start":{"line":425,"column":4},"end":{"line":425,"column":16}}},"fnMap":{"0":{"name":"fetchUserSessions","decl":{"start":{"line":11,"column":15},"end":{"line":11,"column":32}},"loc":{"start":{"line":11,"column":41},"end":{"line":26,"column":1}},"line":11},"1":{"name":"fetchMostOverdueSession","decl":{"start":{"line":31,"column":15},"end":{"line":31,"column":38}},"loc":{"start":{"line":31,"column":41},"end":{"line":47,"column":1}},"line":31},"2":{"name":"deleteSession","decl":{"start":{"line":52,"column":15},"end":{"line":52,"column":28}},"loc":{"start":{"line":52,"column":66},"end":{"line":86,"column":1}},"line":52},"3":{"name":"addToGoogleCalendar","decl":{"start":{"line":96,"column":15},"end":{"line":96,"column":34}},"loc":{"start":{"line":96,"column":62},"end":{"line":133,"column":1}},"line":96},"4":{"name":"deleteEventFromGoogleCalendar","decl":{"start":{"line":139,"column":15},"end":{"line":139,"column":44}},"loc":{"start":{"line":139,"column":67},"end":{"line":157,"column":1}},"line":139},"5":{"name":"checkForOverlap","decl":{"start":{"line":167,"column":9},"end":{"line":167,"column":24}},"loc":{"start":{"line":167,"column":45},"end":{"line":174,"column":1}},"line":167},"6":{"name":"hasSchedulingConflicts","decl":{"start":{"line":179,"column":9},"end":{"line":179,"column":31}},"loc":{"start":{"line":179,"column":68},"end":{"line":181,"column":1}},"line":179},"7":{"name":"(anonymous_7)","decl":{"start":{"line":180,"column":31},"end":{"line":180,"column":32}},"loc":{"start":{"line":180,"column":42},"end":{"line":180,"column":84}},"line":180},"8":{"name":"tutorAvailability","decl":{"start":{"line":187,"column":15},"end":{"line":187,"column":32}},"loc":{"start":{"line":187,"column":73},"end":{"line":215,"column":1}},"line":187},"9":{"name":"updateTutorAvailability","decl":{"start":{"line":220,"column":15},"end":{"line":220,"column":38}},"loc":{"start":{"line":220,"column":83},"end":{"line":242,"column":1}},"line":220},"10":{"name":"fetchDayAvailability","decl":{"start":{"line":244,"column":15},"end":{"line":244,"column":35}},"loc":{"start":{"line":244,"column":45},"end":{"line":271,"column":1}},"line":244},"11":{"name":"validateBooking","decl":{"start":{"line":277,"column":15},"end":{"line":277,"column":30}},"loc":{"start":{"line":277,"column":84},"end":{"line":313,"column":1}},"line":277},"12":{"name":"(anonymous_12)","decl":{"start":{"line":299,"column":55},"end":{"line":299,"column":56}},"loc":{"start":{"line":299,"column":66},"end":{"line":299,"column":102}},"line":299},"13":{"name":"(anonymous_13)","decl":{"start":{"line":306,"column":51},"end":{"line":306,"column":52}},"loc":{"start":{"line":306,"column":62},"end":{"line":306,"column":98}},"line":306},"14":{"name":"bookSession","decl":{"start":{"line":320,"column":15},"end":{"line":320,"column":26}},"loc":{"start":{"line":320,"column":115},"end":{"line":356,"column":1}},"line":320},"15":{"name":"(anonymous_15)","decl":{"start":{"line":358,"column":19},"end":{"line":358,"column":20}},"loc":{"start":{"line":358,"column":44},"end":{"line":375,"column":1}},"line":358},"16":{"name":"(anonymous_16)","decl":{"start":{"line":377,"column":21},"end":{"line":377,"column":22}},"loc":{"start":{"line":377,"column":40},"end":{"line":392,"column":1}},"line":377},"17":{"name":"(anonymous_17)","decl":{"start":{"line":386,"column":20},"end":{"line":386,"column":21}},"loc":{"start":{"line":386,"column":31},"end":{"line":386,"column":41}},"line":386},"18":{"name":"(anonymous_18)","decl":{"start":{"line":394,"column":24},"end":{"line":394,"column":25}},"loc":{"start":{"line":394,"column":56},"end":{"line":409,"column":1}},"line":394},"19":{"name":"removeTimeOff","decl":{"start":{"line":411,"column":15},"end":{"line":411,"column":28}},"loc":{"start":{"line":411,"column":44},"end":{"line":427,"column":1}},"line":411}},"branchMap":{"0":{"loc":{"start":{"line":20,"column":4},"end":{"line":20,"column":27}},"type":"if","locations":[{"start":{"line":20,"column":4},"end":{"line":20,"column":27}},{"start":{},"end":{}}],"line":20},"1":{"loc":{"start":{"line":41,"column":4},"end":{"line":41,"column":27}},"type":"if","locations":[{"start":{"line":41,"column":4},"end":{"line":41,"column":27}},{"start":{},"end":{}}],"line":41},"2":{"loc":{"start":{"line":42,"column":11},"end":{"line":42,"column":26}},"type":"binary-expr","locations":[{"start":{"line":42,"column":11},"end":{"line":42,"column":18}},{"start":{"line":42,"column":22},"end":{"line":42,"column":26}}],"line":42},"3":{"loc":{"start":{"line":52,"column":40},"end":{"line":52,"column":64}},"type":"default-arg","locations":[{"start":{"line":52,"column":60},"end":{"line":52,"column":64}}],"line":52},"4":{"loc":{"start":{"line":60,"column":4},"end":{"line":62,"column":5}},"type":"if","locations":[{"start":{"line":60,"column":4},"end":{"line":62,"column":5}},{"start":{},"end":{}}],"line":60},"5":{"loc":{"start":{"line":60,"column":8},"end":{"line":60,"column":30}},"type":"binary-expr","locations":[{"start":{"line":60,"column":8},"end":{"line":60,"column":18}},{"start":{"line":60,"column":22},"end":{"line":60,"column":30}}],"line":60},"6":{"loc":{"start":{"line":69,"column":4},"end":{"line":71,"column":5}},"type":"if","locations":[{"start":{"line":69,"column":4},"end":{"line":71,"column":5}},{"start":{},"end":{}}],"line":69},"7":{"loc":{"start":{"line":76,"column":4},"end":{"line":81,"column":5}},"type":"if","locations":[{"start":{"line":76,"column":4},"end":{"line":81,"column":5}},{"start":{"line":79,"column":11},"end":{"line":81,"column":5}}],"line":76},"8":{"loc":{"start":{"line":120,"column":4},"end":{"line":122,"column":5}},"type":"if","locations":[{"start":{"line":120,"column":4},"end":{"line":122,"column":5}},{"start":{},"end":{}}],"line":120},"9":{"loc":{"start":{"line":148,"column":4},"end":{"line":150,"column":5}},"type":"if","locations":[{"start":{"line":148,"column":4},"end":{"line":150,"column":5}},{"start":{},"end":{}}],"line":148},"10":{"loc":{"start":{"line":173,"column":9},"end":{"line":173,"column":82}},"type":"binary-expr","locations":[{"start":{"line":173,"column":9},"end":{"line":173,"column":44}},{"start":{"line":173,"column":48},"end":{"line":173,"column":82}}],"line":173},"11":{"loc":{"start":{"line":198,"column":2},"end":{"line":201,"column":3}},"type":"if","locations":[{"start":{"line":198,"column":2},"end":{"line":201,"column":3}},{"start":{},"end":{}}],"line":198},"12":{"loc":{"start":{"line":198,"column":6},"end":{"line":198,"column":57}},"type":"binary-expr","locations":[{"start":{"line":198,"column":6},"end":{"line":198,"column":11}},{"start":{"line":198,"column":15},"end":{"line":198,"column":28}},{"start":{"line":198,"column":32},"end":{"line":198,"column":57}}],"line":198},"13":{"loc":{"start":{"line":209,"column":4},"end":{"line":211,"column":5}},"type":"if","locations":[{"start":{"line":209,"column":4},"end":{"line":211,"column":5}},{"start":{},"end":{}}],"line":209},"14":{"loc":{"start":{"line":209,"column":8},"end":{"line":209,"column":60}},"type":"binary-expr","locations":[{"start":{"line":209,"column":8},"end":{"line":209,"column":34}},{"start":{"line":209,"column":38},"end":{"line":209,"column":60}}],"line":209},"15":{"loc":{"start":{"line":231,"column":4},"end":{"line":234,"column":5}},"type":"if","locations":[{"start":{"line":231,"column":4},"end":{"line":234,"column":5}},{"start":{},"end":{}}],"line":231},"16":{"loc":{"start":{"line":251,"column":4},"end":{"line":254,"column":5}},"type":"if","locations":[{"start":{"line":251,"column":4},"end":{"line":254,"column":5}},{"start":{},"end":{}}],"line":251},"17":{"loc":{"start":{"line":257,"column":4},"end":{"line":264,"column":5}},"type":"if","locations":[{"start":{"line":257,"column":4},"end":{"line":264,"column":5}},{"start":{},"end":{}}],"line":257},"18":{"loc":{"start":{"line":260,"column":21},"end":{"line":260,"column":38}},"type":"binary-expr","locations":[{"start":{"line":260,"column":21},"end":{"line":260,"column":32}},{"start":{"line":260,"column":36},"end":{"line":260,"column":38}}],"line":260},"19":{"loc":{"start":{"line":261,"column":20},"end":{"line":261,"column":38}},"type":"binary-expr","locations":[{"start":{"line":261,"column":20},"end":{"line":261,"column":30}},{"start":{"line":261,"column":34},"end":{"line":261,"column":38}}],"line":261},"20":{"loc":{"start":{"line":262,"column":18},"end":{"line":262,"column":34}},"type":"binary-expr","locations":[{"start":{"line":262,"column":18},"end":{"line":262,"column":26}},{"start":{"line":262,"column":30},"end":{"line":262,"column":34}}],"line":262},"21":{"loc":{"start":{"line":282,"column":2},"end":{"line":284,"column":3}},"type":"if","locations":[{"start":{"line":282,"column":2},"end":{"line":284,"column":3}},{"start":{},"end":{}}],"line":282},"22":{"loc":{"start":{"line":291,"column":2},"end":{"line":293,"column":3}},"type":"if","locations":[{"start":{"line":291,"column":2},"end":{"line":293,"column":3}},{"start":{},"end":{}}],"line":291},"23":{"loc":{"start":{"line":300,"column":2},"end":{"line":302,"column":3}},"type":"if","locations":[{"start":{"line":300,"column":2},"end":{"line":302,"column":3}},{"start":{},"end":{}}],"line":300},"24":{"loc":{"start":{"line":307,"column":2},"end":{"line":309,"column":3}},"type":"if","locations":[{"start":{"line":307,"column":2},"end":{"line":309,"column":3}},{"start":{},"end":{}}],"line":307},"25":{"loc":{"start":{"line":320,"column":89},"end":{"line":320,"column":113}},"type":"default-arg","locations":[{"start":{"line":320,"column":109},"end":{"line":320,"column":113}}],"line":320},"26":{"loc":{"start":{"line":335,"column":4},"end":{"line":335,"column":27}},"type":"if","locations":[{"start":{"line":335,"column":4},"end":{"line":335,"column":27}},{"start":{},"end":{}}],"line":335},"27":{"loc":{"start":{"line":339,"column":4},"end":{"line":350,"column":5}},"type":"if","locations":[{"start":{"line":339,"column":4},"end":{"line":350,"column":5}},{"start":{"line":348,"column":11},"end":{"line":350,"column":5}}],"line":339},"28":{"loc":{"start":{"line":341,"column":40},"end":{"line":341,"column":82}},"type":"cond-expr","locations":[{"start":{"line":341,"column":63},"end":{"line":341,"column":70}},{"start":{"line":341,"column":73},"end":{"line":341,"column":82}}],"line":341},"29":{"loc":{"start":{"line":341,"column":86},"end":{"line":341,"column":128}},"type":"cond-expr","locations":[{"start":{"line":341,"column":109},"end":{"line":341,"column":116}},{"start":{"line":341,"column":119},"end":{"line":341,"column":128}}],"line":341},"30":{"loc":{"start":{"line":370,"column":4},"end":{"line":370,"column":39}},"type":"if","locations":[{"start":{"line":370,"column":4},"end":{"line":370,"column":39}},{"start":{},"end":{}}],"line":370},"31":{"loc":{"start":{"line":384,"column":4},"end":{"line":384,"column":27}},"type":"if","locations":[{"start":{"line":384,"column":4},"end":{"line":384,"column":27}},{"start":{},"end":{}}],"line":384},"32":{"loc":{"start":{"line":402,"column":4},"end":{"line":402,"column":27}},"type":"if","locations":[{"start":{"line":402,"column":4},"end":{"line":402,"column":27}},{"start":{},"end":{}}],"line":402},"33":{"loc":{"start":{"line":419,"column":4},"end":{"line":422,"column":5}},"type":"if","locations":[{"start":{"line":419,"column":4},"end":{"line":422,"column":5}},{"start":{},"end":{}}],"line":419}},"s":{"0":5,"1":5,"2":3,"3":2,"4":1,"5":4,"6":4,"7":3,"8":3,"9":3,"10":1,"11":2,"12":1,"13":1,"14":3,"15":3,"16":3,"17":1,"18":2,"19":2,"20":1,"21":1,"22":1,"23":0,"24":0,"25":1,"26":2,"27":0,"28":0,"29":0,"30":0,"31":0,"32":0,"33":0,"34":0,"35":0,"36":0,"37":0,"38":0,"39":0,"40":0,"41":0,"42":0,"43":4,"44":4,"45":4,"46":4,"47":4,"48":4,"49":2,"50":5,"51":5,"52":5,"53":5,"54":2,"55":2,"56":3,"57":3,"58":3,"59":3,"60":2,"61":1,"62":2,"63":2,"64":2,"65":1,"66":1,"67":1,"68":1,"69":0,"70":0,"71":3,"72":3,"73":3,"74":1,"75":1,"76":2,"77":1,"78":1,"79":1,"80":0,"81":0,"82":2,"83":2,"84":2,"85":0,"86":2,"87":2,"88":2,"89":1,"90":1,"91":1,"92":1,"93":0,"94":1,"95":0,"96":1,"97":1,"98":0,"99":1,"100":0,"101":1,"102":3,"103":3,"104":3,"105":1,"106":2,"107":2,"108":0,"109":0,"110":2,"111":2,"112":1,"113":2,"114":2,"115":2,"116":2,"117":2,"118":1,"119":1,"120":2,"121":2,"122":2,"123":2,"124":1,"125":1,"126":2,"127":1,"128":1,"129":1,"130":2,"131":3,"132":3,"133":3,"134":1,"135":2,"136":1,"137":1,"138":2,"139":2,"140":2,"141":1,"142":1,"143":1,"144":1},"f":{"0":5,"1":3,"2":3,"3":0,"4":0,"5":4,"6":4,"7":2,"8":5,"9":2,"10":3,"11":2,"12":0,"13":0,"14":3,"15":2,"16":2,"17":2,"18":3,"19":2},"b":{"0":[2,1],"1":[1,2],"2":[2,1],"3":[3],"4":[1,2],"5":[3,2],"6":[1,1],"7":[0,1],"8":[0,0],"9":[0,0],"10":[4,3],"11":[2,3],"12":[5,4,4],"13":[2,1],"14":[3,2],"15":[1,1],"16":[1,2],"17":[1,1],"18":[1,0],"19":[1,0],"20":[1,0],"21":[0,2],"22":[1,1],"23":[0,1],"24":[0,1],"25":[3],"26":[1,2],"27":[0,2],"28":[0,0],"29":[0,0],"30":[1,1],"31":[1,1],"32":[1,2],"33":[1,1]},"_coverageSchema":"1a1c01bbd47fc00a2c39e90264f33305004495a9","hash":"c9d93bb4d3196b82ba2256cb59d34f7a727f96ab"}
,"C:\\Users\\halo2\\Lucidity_fork\\scheduling\\matching.js": {"path":"C:\\Users\\halo2\\Lucidity_fork\\scheduling\\matching.js","statementMap":{"0":{"start":{"line":7,"column":4},"end":{"line":9,"column":5}},"1":{"start":{"line":8,"column":6},"end":{"line":8,"column":52}},"2":{"start":{"line":10,"column":4},"end":{"line":10,"column":55}},"3":{"start":{"line":14,"column":4},"end":{"line":72,"column":5}},"4":{"start":{"line":16,"column":57},"end":{"line":20,"column":17}},"5":{"start":{"line":23,"column":6},"end":{"line":26,"column":7}},"6":{"start":{"line":24,"column":8},"end":{"line":24,"column":70}},"7":{"start":{"line":25,"column":8},"end":{"line":25,"column":18}},"8":{"start":{"line":28,"column":28},"end":{"line":28,"column":46}},"9":{"start":{"line":29,"column":32},"end":{"line":29,"column":55}},"10":{"start":{"line":32,"column":55},"end":{"line":35,"column":34}},"11":{"start":{"line":38,"column":6},"end":{"line":41,"column":7}},"12":{"start":{"line":39,"column":8},"end":{"line":39,"column":61}},"13":{"start":{"line":40,"column":8},"end":{"line":40,"column":18}},"14":{"start":{"line":45,"column":31},"end":{"line":57,"column":49}},"15":{"start":{"line":46,"column":23},"end":{"line":46,"column":62}},"16":{"start":{"line":49,"column":31},"end":{"line":49,"column":90}},"17":{"start":{"line":49,"column":60},"end":{"line":49,"column":89}},"18":{"start":{"line":50,"column":10},"end":{"line":54,"column":12}},"19":{"start":{"line":57,"column":25},"end":{"line":57,"column":48}},"20":{"start":{"line":60,"column":6},"end":{"line":60,"column":40}},"21":{"start":{"line":62,"column":6},"end":{"line":64,"column":5}},"22":{"start":{"line":63,"column":8},"end":{"line":63,"column":78}},"23":{"start":{"line":67,"column":6},"end":{"line":67,"column":30}},"24":{"start":{"line":70,"column":6},"end":{"line":70,"column":59}},"25":{"start":{"line":71,"column":6},"end":{"line":71,"column":16}}},"fnMap":{"0":{"name":"sortTutors","decl":{"start":{"line":6,"column":9},"end":{"line":6,"column":19}},"loc":{"start":{"line":6,"column":36},"end":{"line":11,"column":3}},"line":6},"1":{"name":"findMatchingTutors","decl":{"start":{"line":13,"column":15},"end":{"line":13,"column":33}},"loc":{"start":{"line":13,"column":45},"end":{"line":73,"column":3}},"line":13},"2":{"name":"(anonymous_2)","decl":{"start":{"line":46,"column":14},"end":{"line":46,"column":15}},"loc":{"start":{"line":46,"column":23},"end":{"line":46,"column":62}},"line":46},"3":{"name":"(anonymous_3)","decl":{"start":{"line":47,"column":15},"end":{"line":47,"column":16}},"loc":{"start":{"line":47,"column":24},"end":{"line":55,"column":9}},"line":47},"4":{"name":"(anonymous_4)","decl":{"start":{"line":49,"column":51},"end":{"line":49,"column":52}},"loc":{"start":{"line":49,"column":60},"end":{"line":49,"column":89}},"line":49},"5":{"name":"(anonymous_5)","decl":{"start":{"line":57,"column":16},"end":{"line":57,"column":17}},"loc":{"start":{"line":57,"column":25},"end":{"line":57,"column":48}},"line":57}},"branchMap":{"0":{"loc":{"start":{"line":7,"column":4},"end":{"line":9,"column":5}},"type":"if","locations":[{"start":{"line":7,"column":4},"end":{"line":9,"column":5}},{"start":{},"end":{}}],"line":7},"1":{"loc":{"start":{"line":23,"column":6},"end":{"line":26,"column":7}},"type":"if","locations":[{"start":{"line":23,"column":6},"end":{"line":26,"column":7}},{"start":{},"end":{}}],"line":23},"2":{"loc":{"start":{"line":23,"column":10},"end":{"line":23,"column":38}},"type":"binary-expr","locations":[{"start":{"line":23,"column":10},"end":{"line":23,"column":22}},{"start":{"line":23,"column":26},"end":{"line":23,"column":38}}],"line":23},"3":{"loc":{"start":{"line":38,"column":6},"end":{"line":41,"column":7}},"type":"if","locations":[{"start":{"line":38,"column":6},"end":{"line":41,"column":7}},{"start":{},"end":{}}],"line":38},"4":{"loc":{"start":{"line":38,"column":10},"end":{"line":38,"column":36}},"type":"binary-expr","locations":[{"start":{"line":38,"column":10},"end":{"line":38,"column":21}},{"start":{"line":38,"column":25},"end":{"line":38,"column":36}}],"line":38},"5":{"loc":{"start":{"line":62,"column":6},"end":{"line":64,"column":5}},"type":"if","locations":[{"start":{"line":62,"column":6},"end":{"line":64,"column":5}},{"start":{},"end":{}}],"line":62}},"s":{"0":10,"1":5,"2":5,"3":4,"4":4,"5":4,"6":1,"7":1,"8":3,"9":3,"10":3,"11":3,"12":1,"13":1,"14":2,"15":6,"16":4,"17":5,"18":4,"19":4,"20":2,"21":2,"22":1,"23":2,"24":0,"25":0},"f":{"0":10,"1":4,"2":6,"3":4,"4":5,"5":4},"b":{"0":[5,5],"1":[1,3],"2":[4,3],"3":[1,2],"4":[3,2],"5":[1,1]},"_coverageSchema":"1a1c01bbd47fc00a2c39e90264f33305004495a9","hash":"0ddc04e7015658f2f353bf427fed80648b6c93da"}
,"C:\\Users\\halo2\\Lucidity_fork\\scheduling\\notificationHelpers.js": {"path":"C:\\Users\\halo2\\Lucidity_fork\\scheduling\\notificationHelpers.js","statementMap":{"0":{"start":{"line":8,"column":40},"end":{"line":26,"column":1}},"1":{"start":{"line":9,"column":2},"end":{"line":25,"column":3}},"2":{"start":{"line":10,"column":28},"end":{"line":14,"column":27}},"3":{"start":{"line":16,"column":4},"end":{"line":19,"column":5}},"4":{"start":{"line":17,"column":6},"end":{"line":17,"column":67}},"5":{"start":{"line":18,"column":6},"end":{"line":18,"column":19}},"6":{"start":{"line":21,"column":4},"end":{"line":21,"column":27}},"7":{"start":{"line":23,"column":4},"end":{"line":23,"column":65}},"8":{"start":{"line":24,"column":4},"end":{"line":24,"column":17}},"9":{"start":{"line":31,"column":34},"end":{"line":56,"column":1}},"10":{"start":{"line":32,"column":2},"end":{"line":55,"column":3}},"11":{"start":{"line":34,"column":28},"end":{"line":41,"column":8}},"12":{"start":{"line":43,"column":4},"end":{"line":46,"column":5}},"13":{"start":{"line":44,"column":6},"end":{"line":44,"column":59}},"14":{"start":{"line":45,"column":6},"end":{"line":45,"column":55}},"15":{"start":{"line":49,"column":4},"end":{"line":49,"column":54}},"16":{"start":{"line":51,"column":4},"end":{"line":51,"column":16}},"17":{"start":{"line":53,"column":4},"end":{"line":53,"column":63}},"18":{"start":{"line":54,"column":4},"end":{"line":54,"column":16}},"19":{"start":{"line":61,"column":34},"end":{"line":73,"column":3}},"20":{"start":{"line":62,"column":28},"end":{"line":66,"column":48}},"21":{"start":{"line":68,"column":4},"end":{"line":71,"column":5}},"22":{"start":{"line":69,"column":6},"end":{"line":69,"column":60}},"23":{"start":{"line":70,"column":6},"end":{"line":70,"column":16}},"24":{"start":{"line":72,"column":4},"end":{"line":72,"column":16}},"25":{"start":{"line":76,"column":38},"end":{"line":87,"column":3}},"26":{"start":{"line":77,"column":28},"end":{"line":80,"column":44}},"27":{"start":{"line":82,"column":4},"end":{"line":85,"column":5}},"28":{"start":{"line":83,"column":6},"end":{"line":83,"column":66}},"29":{"start":{"line":84,"column":6},"end":{"line":84,"column":18}},"30":{"start":{"line":86,"column":4},"end":{"line":86,"column":16}},"31":{"start":{"line":89,"column":42},"end":{"line":100,"column":3}},"32":{"start":{"line":90,"column":28},"end":{"line":94,"column":27}},"33":{"start":{"line":96,"column":4},"end":{"line":98,"column":5}},"34":{"start":{"line":97,"column":6},"end":{"line":97,"column":67}},"35":{"start":{"line":99,"column":4},"end":{"line":99,"column":16}},"36":{"start":{"line":105,"column":40},"end":{"line":120,"column":3}},"37":{"start":{"line":106,"column":22},"end":{"line":109,"column":44}},"38":{"start":{"line":111,"column":4},"end":{"line":114,"column":5}},"39":{"start":{"line":112,"column":6},"end":{"line":112,"column":59}},"40":{"start":{"line":113,"column":6},"end":{"line":113,"column":13}},"41":{"start":{"line":117,"column":4},"end":{"line":119,"column":6}},"42":{"start":{"line":118,"column":6},"end":{"line":118,"column":97}},"43":{"start":{"line":118,"column":49},"end":{"line":118,"column":96}},"44":{"start":{"line":125,"column":24},"end":{"line":137,"column":3}},"45":{"start":{"line":126,"column":22},"end":{"line":129,"column":29}},"46":{"start":{"line":131,"column":4},"end":{"line":134,"column":5}},"47":{"start":{"line":132,"column":6},"end":{"line":132,"column":60}},"48":{"start":{"line":133,"column":6},"end":{"line":133,"column":13}},"49":{"start":{"line":136,"column":4},"end":{"line":136,"column":25}},"50":{"start":{"line":142,"column":37},"end":{"line":191,"column":1}},"51":{"start":{"line":143,"column":23},"end":{"line":143,"column":62}},"52":{"start":{"line":144,"column":17},"end":{"line":144,"column":33}},"53":{"start":{"line":147,"column":16},"end":{"line":147,"column":18}},"54":{"start":{"line":148,"column":16},"end":{"line":148,"column":18}},"55":{"start":{"line":150,"column":2},"end":{"line":158,"column":3}},"56":{"start":{"line":151,"column":4},"end":{"line":151,"column":51}},"57":{"start":{"line":152,"column":4},"end":{"line":152,"column":108}},"58":{"start":{"line":153,"column":9},"end":{"line":158,"column":3}},"59":{"start":{"line":154,"column":4},"end":{"line":154,"column":57}},"60":{"start":{"line":155,"column":4},"end":{"line":155,"column":114}},"61":{"start":{"line":157,"column":4},"end":{"line":157,"column":42}},"62":{"start":{"line":160,"column":20},"end":{"line":177,"column":3}},"63":{"start":{"line":179,"column":2},"end":{"line":190,"column":3}},"64":{"start":{"line":180,"column":4},"end":{"line":185,"column":7}},"65":{"start":{"line":186,"column":4},"end":{"line":186,"column":44}},"66":{"start":{"line":188,"column":4},"end":{"line":188,"column":81}},"67":{"start":{"line":189,"column":4},"end":{"line":189,"column":44}}},"fnMap":{"0":{"name":"(anonymous_0)","decl":{"start":{"line":8,"column":40},"end":{"line":8,"column":41}},"loc":{"start":{"line":8,"column":59},"end":{"line":26,"column":1}},"line":8},"1":{"name":"(anonymous_1)","decl":{"start":{"line":31,"column":34},"end":{"line":31,"column":35}},"loc":{"start":{"line":31,"column":75},"end":{"line":56,"column":1}},"line":31},"2":{"name":"(anonymous_2)","decl":{"start":{"line":61,"column":34},"end":{"line":61,"column":35}},"loc":{"start":{"line":61,"column":53},"end":{"line":73,"column":3}},"line":61},"3":{"name":"(anonymous_3)","decl":{"start":{"line":76,"column":38},"end":{"line":76,"column":39}},"loc":{"start":{"line":76,"column":64},"end":{"line":87,"column":3}},"line":76},"4":{"name":"(anonymous_4)","decl":{"start":{"line":89,"column":42},"end":{"line":89,"column":43}},"loc":{"start":{"line":89,"column":61},"end":{"line":100,"column":3}},"line":89},"5":{"name":"(anonymous_5)","decl":{"start":{"line":105,"column":40},"end":{"line":105,"column":41}},"loc":{"start":{"line":105,"column":84},"end":{"line":120,"column":3}},"line":105},"6":{"name":"(anonymous_6)","decl":{"start":{"line":117,"column":21},"end":{"line":117,"column":22}},"loc":{"start":{"line":118,"column":6},"end":{"line":118,"column":97}},"line":118},"7":{"name":"(anonymous_7)","decl":{"start":{"line":118,"column":31},"end":{"line":118,"column":32}},"loc":{"start":{"line":118,"column":49},"end":{"line":118,"column":96}},"line":118},"8":{"name":"(anonymous_8)","decl":{"start":{"line":125,"column":24},"end":{"line":125,"column":25}},"loc":{"start":{"line":125,"column":61},"end":{"line":137,"column":3}},"line":125},"9":{"name":"(anonymous_9)","decl":{"start":{"line":142,"column":37},"end":{"line":142,"column":38}},"loc":{"start":{"line":142,"column":76},"end":{"line":191,"column":1}},"line":142}},"branchMap":{"0":{"loc":{"start":{"line":16,"column":4},"end":{"line":19,"column":5}},"type":"if","locations":[{"start":{"line":16,"column":4},"end":{"line":19,"column":5}},{"start":{},"end":{}}],"line":16},"1":{"loc":{"start":{"line":43,"column":4},"end":{"line":46,"column":5}},"type":"if","locations":[{"start":{"line":43,"column":4},"end":{"line":46,"column":5}},{"start":{},"end":{}}],"line":43},"2":{"loc":{"start":{"line":68,"column":4},"end":{"line":71,"column":5}},"type":"if","locations":[{"start":{"line":68,"column":4},"end":{"line":71,"column":5}},{"start":{},"end":{}}],"line":68},"3":{"loc":{"start":{"line":82,"column":4},"end":{"line":85,"column":5}},"type":"if","locations":[{"start":{"line":82,"column":4},"end":{"line":85,"column":5}},{"start":{},"end":{}}],"line":82},"4":{"loc":{"start":{"line":96,"column":4},"end":{"line":98,"column":5}},"type":"if","locations":[{"start":{"line":96,"column":4},"end":{"line":98,"column":5}},{"start":{},"end":{}}],"line":96},"5":{"loc":{"start":{"line":111,"column":4},"end":{"line":114,"column":5}},"type":"if","locations":[{"start":{"line":111,"column":4},"end":{"line":114,"column":5}},{"start":{},"end":{}}],"line":111},"6":{"loc":{"start":{"line":131,"column":4},"end":{"line":134,"column":5}},"type":"if","locations":[{"start":{"line":131,"column":4},"end":{"line":134,"column":5}},{"start":{},"end":{}}],"line":131},"7":{"loc":{"start":{"line":150,"column":2},"end":{"line":158,"column":3}},"type":"if","locations":[{"start":{"line":150,"column":2},"end":{"line":158,"column":3}},{"start":{"line":153,"column":9},"end":{"line":158,"column":3}}],"line":150},"8":{"loc":{"start":{"line":153,"column":9},"end":{"line":158,"column":3}},"type":"if","locations":[{"start":{"line":153,"column":9},"end":{"line":158,"column":3}},{"start":{"line":156,"column":9},"end":{"line":158,"column":3}}],"line":153},"9":{"loc":{"start":{"line":188,"column":42},"end":{"line":188,"column":79}},"type":"binary-expr","locations":[{"start":{"line":188,"column":42},"end":{"line":188,"column":62}},{"start":{"line":188,"column":66},"end":{"line":188,"column":79}}],"line":188}},"s":{"0":1,"1":3,"2":3,"3":3,"4":1,"5":1,"6":2,"7":0,"8":0,"9":1,"10":1,"11":1,"12":1,"13":1,"14":1,"15":0,"16":0,"17":1,"18":1,"19":1,"20":2,"21":2,"22":1,"23":1,"24":1,"25":1,"26":2,"27":2,"28":1,"29":1,"30":1,"31":1,"32":2,"33":2,"34":1,"35":2,"36":1,"37":2,"38":2,"39":1,"40":1,"41":1,"42":1,"43":2,"44":1,"45":2,"46":2,"47":1,"48":1,"49":1,"50":1,"51":0,"52":0,"53":0,"54":0,"55":0,"56":0,"57":0,"58":0,"59":0,"60":0,"61":0,"62":0,"63":0,"64":0,"65":0,"66":0,"67":0},"f":{"0":3,"1":1,"2":2,"3":2,"4":2,"5":2,"6":1,"7":2,"8":2,"9":0},"b":{"0":[1,2],"1":[1,0],"2":[1,1],"3":[1,1],"4":[1,1],"5":[1,1],"6":[1,1],"7":[0,0],"8":[0,0],"9":[0,0]},"_coverageSchema":"1a1c01bbd47fc00a2c39e90264f33305004495a9","hash":"22a1d07ef1f8b18ba00be3c518d1028ebe13d6f8"}
}
