TN:
SF:scheduling\calendar.js
FN:11,fetchUserSessions
FN:31,fetchMostOverdueSession
FN:52,deleteSession
FN:96,addToGoogleCalendar
FN:139,deleteEventFromGoogleCalendar
FN:167,checkForOverlap
FN:179,hasSchedulingConflicts
FN:180,(anonymous_7)
FN:187,tutorAvailability
FN:220,updateTutorAvailability
FN:244,fetchDayAvailability
FN:277,validateBooking
FN:299,(anonymous_12)
FN:306,(anonymous_13)
FN:320,bookSession
FN:358,(anonymous_15)
FN:377,(anonymous_16)
FN:386,(anonymous_17)
FN:394,(anonymous_18)
FN:411,removeTimeOff
FNF:20
FNH:16
FNDA:5,fetchUserSessions
FNDA:3,fetchMostOverdueSession
FNDA:3,deleteSession
FNDA:0,addToGoogleCalendar
FNDA:0,deleteEventFromGoogleCalendar
FNDA:4,checkForOverlap
FNDA:4,hasSchedulingConflicts
FNDA:2,(anonymous_7)
FNDA:5,tutorAvailability
FNDA:2,updateTutorAvailability
FNDA:3,fetchDayAvailability
FNDA:2,validateBooking
FNDA:0,(anonymous_12)
FNDA:0,(anonymous_13)
FNDA:3,bookSession
FNDA:2,(anonymous_15)
FNDA:2,(anonymous_16)
FNDA:2,(anonymous_17)
FNDA:3,(anonymous_18)
FNDA:2,removeTimeOff
DA:12,5
DA:13,5
DA:20,3
DA:21,1
DA:23,4
DA:24,4
DA:32,3
DA:33,3
DA:41,3
DA:42,2
DA:44,1
DA:45,1
DA:53,3
DA:54,3
DA:60,3
DA:61,1
DA:64,2
DA:69,2
DA:70,1
DA:73,1
DA:76,1
DA:77,0
DA:78,0
DA:80,1
DA:84,2
DA:97,0
DA:98,0
DA:120,0
DA:121,0
DA:124,0
DA:125,0
DA:128,0
DA:130,0
DA:131,0
DA:140,0
DA:141,0
DA:148,0
DA:149,0
DA:152,0
DA:154,0
DA:155,0
DA:168,4
DA:169,4
DA:170,4
DA:171,4
DA:173,4
DA:180,4
DA:188,5
DA:189,5
DA:192,5
DA:198,5
DA:199,2
DA:200,2
DA:204,3
DA:205,3
DA:206,3
DA:209,3
DA:210,2
DA:214,1
DA:221,2
DA:222,2
DA:231,2
DA:232,1
DA:233,1
DA:236,1
DA:237,1
DA:239,0
DA:240,0
DA:245,3
DA:246,3
DA:251,3
DA:252,1
DA:253,1
DA:257,2
DA:258,1
DA:259,1
DA:266,1
DA:268,0
DA:269,0
DA:278,2
DA:279,2
DA:282,2
DA:283,0
DA:287,2
DA:290,2
DA:291,2
DA:292,1
DA:295,1
DA:298,1
DA:299,1
DA:300,1
DA:301,0
DA:305,1
DA:306,1
DA:307,1
DA:308,0
DA:312,1
DA:321,3
DA:323,3
DA:335,3
DA:336,2
DA:339,2
DA:340,0
DA:347,0
DA:349,2
DA:352,2
DA:354,1
DA:358,2
DA:359,2
DA:361,2
DA:363,2
DA:370,2
DA:373,1
DA:377,2
DA:378,2
DA:379,2
DA:384,2
DA:386,2
DA:388,1
DA:389,1
DA:390,1
DA:394,2
DA:395,3
DA:396,3
DA:402,3
DA:404,2
DA:406,1
DA:407,1
DA:412,2
DA:413,2
DA:419,2
DA:420,1
DA:421,1
DA:424,1
DA:425,1
LF:135
LH:108
BRDA:20,0,0,2
BRDA:20,0,1,1
BRDA:41,1,0,1
BRDA:41,1,1,2
BRDA:42,2,0,2
BRDA:42,2,1,1
BRDA:52,3,0,3
BRDA:60,4,0,1
BRDA:60,4,1,2
BRDA:60,5,0,3
BRDA:60,5,1,2
BRDA:69,6,0,1
BRDA:69,6,1,1
BRDA:76,7,0,0
BRDA:76,7,1,1
BRDA:120,8,0,0
BRDA:120,8,1,0
BRDA:148,9,0,0
BRDA:148,9,1,0
BRDA:173,10,0,4
BRDA:173,10,1,3
BRDA:198,11,0,2
BRDA:198,11,1,3
BRDA:198,12,0,5
BRDA:198,12,1,4
BRDA:198,12,2,4
BRDA:209,13,0,2
BRDA:209,13,1,1
BRDA:209,14,0,3
BRDA:209,14,1,2
BRDA:231,15,0,1
BRDA:231,15,1,1
BRDA:251,16,0,1
BRDA:251,16,1,2
BRDA:257,17,0,1
BRDA:257,17,1,1
BRDA:260,18,0,1
BRDA:260,18,1,0
BRDA:261,19,0,1
BRDA:261,19,1,0
BRDA:262,20,0,1
BRDA:262,20,1,0
BRDA:282,21,0,0
BRDA:282,21,1,2
BRDA:291,22,0,1
BRDA:291,22,1,1
BRDA:300,23,0,0
BRDA:300,23,1,1
BRDA:307,24,0,0
BRDA:307,24,1,1
BRDA:320,25,0,3
BRDA:335,26,0,1
BRDA:335,26,1,2
BRDA:339,27,0,0
BRDA:339,27,1,2
BRDA:341,28,0,0
BRDA:341,28,1,0
BRDA:341,29,0,0
BRDA:341,29,1,0
BRDA:370,30,0,1
BRDA:370,30,1,1
BRDA:384,31,0,1
BRDA:384,31,1,1
BRDA:402,32,0,1
BRDA:402,32,1,2
BRDA:419,33,0,1
BRDA:419,33,1,1
BRF:67
BRH:51
end_of_record
TN:
SF:scheduling\matching.js
FN:6,sortTutors
FN:13,findMatchingTutors
FN:46,(anonymous_2)
FN:47,(anonymous_3)
FN:49,(anonymous_4)
FN:57,(anonymous_5)
FNF:6
FNH:6
FNDA:10,sortTutors
FNDA:4,findMatchingTutors
FNDA:6,(anonymous_2)
FNDA:4,(anonymous_3)
FNDA:5,(anonymous_4)
FNDA:4,(anonymous_5)
DA:7,10
DA:8,5
DA:10,5
DA:14,4
DA:16,4
DA:23,4
DA:24,1
DA:25,1
DA:28,3
DA:29,3
DA:32,3
DA:38,3
DA:39,1
DA:40,1
DA:45,2
DA:46,6
DA:49,5
DA:50,4
DA:57,4
DA:60,2
DA:62,2
DA:63,1
DA:67,2
DA:70,0
DA:71,0
LF:25
LH:23
BRDA:7,0,0,5
BRDA:7,0,1,5
BRDA:23,1,0,1
BRDA:23,1,1,3
BRDA:23,2,0,4
BRDA:23,2,1,3
BRDA:38,3,0,1
BRDA:38,3,1,2
BRDA:38,4,0,3
BRDA:38,4,1,2
BRDA:62,5,0,1
BRDA:62,5,1,1
BRF:12
BRH:12
end_of_record
TN:
SF:scheduling\notificationHelpers.js
FN:8,(anonymous_0)
FN:31,(anonymous_1)
FN:61,(anonymous_2)
FN:76,(anonymous_3)
FN:89,(anonymous_4)
FN:105,(anonymous_5)
FN:117,(anonymous_6)
FN:118,(anonymous_7)
FN:125,(anonymous_8)
FN:142,(anonymous_9)
FNF:10
FNH:9
FNDA:3,(anonymous_0)
FNDA:1,(anonymous_1)
FNDA:2,(anonymous_2)
FNDA:2,(anonymous_3)
FNDA:2,(anonymous_4)
FNDA:2,(anonymous_5)
FNDA:1,(anonymous_6)
FNDA:2,(anonymous_7)
FNDA:2,(anonymous_8)
FNDA:0,(anonymous_9)
DA:8,1
DA:9,3
DA:10,3
DA:16,3
DA:17,1
DA:18,1
DA:21,2
DA:23,0
DA:24,0
DA:31,1
DA:32,1
DA:34,1
DA:43,1
DA:44,1
DA:45,1
DA:49,0
DA:51,0
DA:53,1
DA:54,1
DA:61,1
DA:62,2
DA:68,2
DA:69,1
DA:70,1
DA:72,1
DA:76,1
DA:77,2
DA:82,2
DA:83,1
DA:84,1
DA:86,1
DA:89,1
DA:90,2
DA:96,2
DA:97,1
DA:99,2
DA:105,1
DA:106,2
DA:111,2
DA:112,1
DA:113,1
DA:117,1
DA:118,2
DA:125,1
DA:126,2
DA:131,2
DA:132,1
DA:133,1
DA:136,1
DA:142,1
DA:143,0
DA:144,0
DA:147,0
DA:148,0
DA:150,0
DA:151,0
DA:152,0
DA:153,0
DA:154,0
DA:155,0
DA:157,0
DA:160,0
DA:179,0
DA:180,0
DA:186,0
DA:188,0
DA:189,0
LF:67
LH:46
BRDA:16,0,0,1
BRDA:16,0,1,2
BRDA:43,1,0,1
BRDA:43,1,1,0
BRDA:68,2,0,1
BRDA:68,2,1,1
BRDA:82,3,0,1
BRDA:82,3,1,1
BRDA:96,4,0,1
BRDA:96,4,1,1
BRDA:111,5,0,1
BRDA:111,5,1,1
BRDA:131,6,0,1
BRDA:131,6,1,1
BRDA:150,7,0,0
BRDA:150,7,1,0
BRDA:153,8,0,0
BRDA:153,8,1,0
BRDA:188,9,0,0
BRDA:188,9,1,0
BRF:20
BRH:13
end_of_record
